
Showing logs for build [32mcb-kubecd-bdd-sbrp-import-15825-6d2cb-1[0m stage [32mfrom-build-pack[0m and container [32mstep-credential-initializer-zrhgx[0m
{"level":"warn","ts":1582586607.5546737,"logger":"fallback-logger","caller":"logging/config.go:69","msg":"Fetch GitHub commit ID from kodata failed: \"ref: refs/heads/0.8.0-**-support-backwards-incompats\" is not a valid GitHub commit ID"}
{"level":"info","ts":1582586607.5556896,"logger":"fallback-logger","caller":"creds-init/main.go:40","msg":"Credentials initialized."}

Showing logs for build [32mcb-kubecd-bdd-sbrp-import-15825-6d2cb-1[0m stage [32mfrom-build-pack[0m and container [32mstep-working-dir-initializer-7dn5d[0m
{"level":"warn","ts":1582586608.9654567,"logger":"fallback-logger","caller":"logging/config.go:69","msg":"Fetch GitHub commit ID from kodata failed: open /var/run/ko/HEAD: no such file or directory"}
{"level":"info","ts":1582586608.9689877,"logger":"fallback-logger","caller":"bash/main.go:64","msg":"Successfully executed command \"sh -c mkdir -p /workspace/source\"; output "}

Showing logs for build [32mcb-kubecd-bdd-sbrp-import-15825-6d2cb-1[0m stage [32mfrom-build-pack[0m and container [32mstep-place-tools[0m

Showing logs for build [32mcb-kubecd-bdd-sbrp-import-15825-6d2cb-1[0m stage [32mfrom-build-pack[0m and container [32mstep-git-source-cb-kubecd-bdd-sbrp-import-15825-6d2cb-d8rrk[0m
{"level":"warn","ts":1582586619.2109158,"logger":"fallback-logger","caller":"logging/config.go:69","msg":"Fetch GitHub commit ID from kodata failed: \"ref: refs/heads/0.8.0-**-support-backwards-incompats\" is not a valid GitHub commit ID"}
{"level":"info","ts":1582586620.442226,"logger":"fallback-logger","caller":"git/git.go:103","msg":"Successfully cloned https://github.com/cb-kubecd/bdd-sbrp-import-1582586510.git @ v0.0.1 in path /workspace/source"}

Showing logs for build [32mcb-kubecd-bdd-sbrp-import-15825-6d2cb-1[0m stage [32mfrom-build-pack[0m and container [32mstep-git-merge[0m
Using SHAs from PULL_REFS=master:f4314701177e837969e7b41d8b649f312050cf8d
WARNING: no SHAs to merge, falling back to initial cloned commit

Showing logs for build [32mcb-kubecd-bdd-sbrp-import-15825-6d2cb-1[0m stage [32mfrom-build-pack[0m and container [32mstep-setup-jx-git-credentials[0m
Generated Git credentials file /workspace/xdg_config/git/credentials

Showing logs for build [32mcb-kubecd-bdd-sbrp-import-15825-6d2cb-1[0m stage [32mfrom-build-pack[0m and container [32mstep-build-mvn-deploy[0m
Picked up _JAVA_OPTIONS: -XX:+UnlockExperimentalVMOptions -XX:+UseCGroupMemoryLimitForHeap -Dsun.zip.disableMemoryMapping=true -XX:+UseParallelGC -XX:MinHeapFreeRatio=5 -XX:MaxHeapFreeRatio=10 -XX:GCTimeRatio=4 -XX:AdaptiveSizePolicyWeight=90 -Xms10m -Xmx192m
OpenJDK 64-Bit Server VM warning: If the number of processors is expected to increase from one, then you should configure the number of parallel GC threads appropriately using -XX:ParallelGCThreads=N
[INFO] Scanning for projects...
[INFO] 
[INFO] -----< com.github.jenkinsx.quickstarts:bdd-sbrp-import-1582586510 >-----
[INFO] Building spring-boot-rest-prometheus 0.0.1
[INFO] --------------------------------[ jar ]---------------------------------
[INFO] 
[INFO] --- maven-clean-plugin:3.1.0:clean (default-clean) @ bdd-sbrp-import-1582586510 ---
[INFO] 
[INFO] --- maven-resources-plugin:3.1.0:resources (default-resources) @ bdd-sbrp-import-1582586510 ---
[INFO] Using 'UTF-8' encoding to copy filtered resources.
[INFO] Copying 1 resource
[INFO] Copying 0 resource
[INFO] 
[INFO] --- maven-compiler-plugin:3.8.0:compile (default-compile) @ bdd-sbrp-import-1582586510 ---
[INFO] Changes detected - recompiling the module!
[INFO] Compiling 1 source file to /workspace/source/target/classes
[INFO] 
[INFO] --- maven-resources-plugin:3.1.0:testResources (default-testResources) @ bdd-sbrp-import-1582586510 ---
[INFO] Using 'UTF-8' encoding to copy filtered resources.
[INFO] skip non existing resourceDirectory /workspace/source/src/test/resources
[INFO] 
[INFO] --- maven-compiler-plugin:3.8.0:testCompile (default-testCompile) @ bdd-sbrp-import-1582586510 ---
[INFO] Changes detected - recompiling the module!
[INFO] Compiling 1 source file to /workspace/source/target/test-classes
[INFO] 
[INFO] --- maven-surefire-plugin:3.0.0-M1:test (default-test) @ bdd-sbrp-import-1582586510 ---
[INFO] 
[INFO] -------------------------------------------------------
[INFO]  T E S T S
[INFO] -------------------------------------------------------
[INFO] Running com.github.jenkinsx.quickstarts.springboot.rest.prometheus.RestPrometheusApplicationTests
23:24:13.534 [main] DEBUG org.springframework.test.context.junit4.SpringJUnit4ClassRunner - SpringJUnit4ClassRunner constructor called with [class com.github.jenkinsx.quickstarts.springboot.rest.prometheus.RestPrometheusApplicationTests]
23:24:13.557 [main] DEBUG org.springframework.test.context.BootstrapUtils - Instantiating CacheAwareContextLoaderDelegate from class [org.springframework.test.context.cache.DefaultCacheAwareContextLoaderDelegate]
23:24:13.588 [main] DEBUG org.springframework.test.context.BootstrapUtils - Instantiating BootstrapContext using constructor [public org.springframework.test.context.support.DefaultBootstrapContext(java.lang.Class,org.springframework.test.context.CacheAwareContextLoaderDelegate)]
23:24:13.680 [main] DEBUG org.springframework.test.context.BootstrapUtils - Instantiating TestContextBootstrapper for test class [com.github.jenkinsx.quickstarts.springboot.rest.prometheus.RestPrometheusApplicationTests] from class [org.springframework.boot.test.context.SpringBootTestContextBootstrapper]
23:24:13.754 [main] INFO org.springframework.boot.test.context.SpringBootTestContextBootstrapper - Neither @ContextConfiguration nor @ContextHierarchy found for test class [com.github.jenkinsx.quickstarts.springboot.rest.prometheus.RestPrometheusApplicationTests], using SpringBootContextLoader
23:24:13.760 [main] DEBUG org.springframework.test.context.support.AbstractContextLoader - Did not detect default resource location for test class [com.github.jenkinsx.quickstarts.springboot.rest.prometheus.RestPrometheusApplicationTests]: class path resource [com/github/jenkinsx/quickstarts/springboot/rest/prometheus/RestPrometheusApplicationTests-context.xml] does not exist
23:24:13.762 [main] DEBUG org.springframework.test.context.support.AbstractContextLoader - Did not detect default resource location for test class [com.github.jenkinsx.quickstarts.springboot.rest.prometheus.RestPrometheusApplicationTests]: class path resource [com/github/jenkinsx/quickstarts/springboot/rest/prometheus/RestPrometheusApplicationTestsContext.groovy] does not exist
23:24:13.764 [main] INFO org.springframework.test.context.support.AbstractContextLoader - Could not detect default resource locations for test class [com.github.jenkinsx.quickstarts.springboot.rest.prometheus.RestPrometheusApplicationTests]: no resource found for suffixes {-context.xml, Context.groovy}.
23:24:13.772 [main] INFO org.springframework.test.context.support.AnnotationConfigContextLoaderUtils - Could not detect default configuration classes for test class [com.github.jenkinsx.quickstarts.springboot.rest.prometheus.RestPrometheusApplicationTests]: RestPrometheusApplicationTests does not declare any static, non-private, non-final, nested classes annotated with @Configuration.
23:24:13.970 [main] DEBUG org.springframework.test.context.support.ActiveProfilesUtils - Could not find an 'annotation declaring class' for annotation type [org.springframework.test.context.ActiveProfiles] and class [com.github.jenkinsx.quickstarts.springboot.rest.prometheus.RestPrometheusApplicationTests]
23:24:14.278 [main] DEBUG org.springframework.context.annotation.ClassPathScanningCandidateComponentProvider - Identified candidate component class: file [/workspace/source/target/classes/com/github/jenkinsx/quickstarts/springboot/rest/prometheus/RestPrometheusApplication.class]
23:24:14.332 [main] INFO org.springframework.boot.test.context.SpringBootTestContextBootstrapper - Found @SpringBootConfiguration com.github.jenkinsx.quickstarts.springboot.rest.prometheus.RestPrometheusApplication for test class com.github.jenkinsx.quickstarts.springboot.rest.prometheus.RestPrometheusApplicationTests
23:24:14.645 [main] DEBUG org.springframework.boot.test.context.SpringBootTestContextBootstrapper - @TestExecutionListeners is not present for class [com.github.jenkinsx.quickstarts.springboot.rest.prometheus.RestPrometheusApplicationTests]: using defaults.
23:24:14.651 [main] INFO org.springframework.boot.test.context.SpringBootTestContextBootstrapper - Loaded default TestExecutionListener class names from location [META-INF/spring.factories]: [org.springframework.boot.test.mock.mockito.MockitoTestExecutionListener, org.springframework.boot.test.mock.mockito.ResetMocksTestExecutionListener, org.springframework.boot.test.autoconfigure.restdocs.RestDocsTestExecutionListener, org.springframework.boot.test.autoconfigure.web.client.MockRestServiceServerResetTestExecutionListener, org.springframework.boot.test.autoconfigure.web.servlet.MockMvcPrintOnlyOnFailureTestExecutionListener, org.springframework.boot.test.autoconfigure.web.servlet.WebDriverTestExecutionListener, org.springframework.test.context.web.ServletTestExecutionListener, org.springframework.test.context.support.DirtiesContextBeforeModesTestExecutionListener, org.springframework.test.context.support.DependencyInjectionTestExecutionListener, org.springframework.test.context.support.DirtiesContextTestExecutionListener, org.springframework.test.context.transaction.TransactionalTestExecutionListener, org.springframework.test.context.jdbc.SqlScriptsTestExecutionListener]
23:24:14.674 [main] DEBUG org.springframework.boot.test.context.SpringBootTestContextBootstrapper - Skipping candidate TestExecutionListener [org.springframework.test.context.transaction.TransactionalTestExecutionListener] due to a missing dependency. Specify custom listener classes or make the default listener classes and their required dependencies available. Offending class: [org/springframework/transaction/TransactionDefinition]
23:24:14.677 [main] DEBUG org.springframework.boot.test.context.SpringBootTestContextBootstrapper - Skipping candidate TestExecutionListener [org.springframework.test.context.jdbc.SqlScriptsTestExecutionListener] due to a missing dependency. Specify custom listener classes or make the default listener classes and their required dependencies available. Offending class: [org/springframework/transaction/interceptor/TransactionAttribute]
23:24:14.679 [main] INFO org.springframework.boot.test.context.SpringBootTestContextBootstrapper - Using TestExecutionListeners: [org.springframework.test.context.web.ServletTestExecutionListener@619713e5, org.springframework.test.context.support.DirtiesContextBeforeModesTestExecutionListener@708f5957, org.springframework.boot.test.mock.mockito.MockitoTestExecutionListener@68999068, org.springframework.boot.test.autoconfigure.SpringBootDependencyInjectionTestExecutionListener@7722c3c3, org.springframework.test.context.support.DirtiesContextTestExecutionListener@2ef3eef9, org.springframework.boot.test.mock.mockito.ResetMocksTestExecutionListener@243c4f91, org.springframework.boot.test.autoconfigure.restdocs.RestDocsTestExecutionListener@291ae, org.springframework.boot.test.autoconfigure.web.client.MockRestServiceServerResetTestExecutionListener@61df66b6, org.springframework.boot.test.autoconfigure.web.servlet.MockMvcPrintOnlyOnFailureTestExecutionListener@50eac852, org.springframework.boot.test.autoconfigure.web.servlet.WebDriverTestExecutionListener@16ec5519]
23:24:14.687 [main] DEBUG org.springframework.test.annotation.ProfileValueUtils - Retrieved @ProfileValueSourceConfiguration [null] for test class [com.github.jenkinsx.quickstarts.springboot.rest.prometheus.RestPrometheusApplicationTests]
23:24:14.689 [main] DEBUG org.springframework.test.annotation.ProfileValueUtils - Retrieved ProfileValueSource type [class org.springframework.test.annotation.SystemProfileValueSource] for class [com.github.jenkinsx.quickstarts.springboot.rest.prometheus.RestPrometheusApplicationTests]
23:24:14.692 [main] DEBUG org.springframework.test.annotation.ProfileValueUtils - Retrieved @ProfileValueSourceConfiguration [null] for test class [com.github.jenkinsx.quickstarts.springboot.rest.prometheus.RestPrometheusApplicationTests]
23:24:14.694 [main] DEBUG org.springframework.test.annotation.ProfileValueUtils - Retrieved ProfileValueSource type [class org.springframework.test.annotation.SystemProfileValueSource] for class [com.github.jenkinsx.quickstarts.springboot.rest.prometheus.RestPrometheusApplicationTests]
23:24:14.699 [main] DEBUG org.springframework.test.annotation.ProfileValueUtils - Retrieved @ProfileValueSourceConfiguration [null] for test class [com.github.jenkinsx.quickstarts.springboot.rest.prometheus.RestPrometheusApplicationTests]
23:24:14.700 [main] DEBUG org.springframework.test.annotation.ProfileValueUtils - Retrieved ProfileValueSource type [class org.springframework.test.annotation.SystemProfileValueSource] for class [com.github.jenkinsx.quickstarts.springboot.rest.prometheus.RestPrometheusApplicationTests]
23:24:14.736 [main] DEBUG org.springframework.test.context.support.AbstractDirtiesContextTestExecutionListener - Before test class: context [DefaultTestContext@1d9b7cce testClass = RestPrometheusApplicationTests, testInstance = [null], testMethod = [null], testException = [null], mergedContextConfiguration = [WebMergedContextConfiguration@4d9e68d0 testClass = RestPrometheusApplicationTests, locations = '{}', classes = '{class com.github.jenkinsx.quickstarts.springboot.rest.prometheus.RestPrometheusApplication}', contextInitializerClasses = '[]', activeProfiles = '{}', propertySourceLocations = '{}', propertySourceProperties = '{org.springframework.boot.test.context.SpringBootTestContextBootstrapper=true}', contextCustomizers = set[org.springframework.boot.test.context.filter.ExcludeFilterContextCustomizer@56aac163, org.springframework.boot.test.json.DuplicateJsonObjectContextCustomizerFactory$DuplicateJsonObjectContextCustomizer@396f6598, org.springframework.boot.test.mock.mockito.MockitoContextCustomizer@0, org.springframework.boot.test.web.client.TestRestTemplateContextCustomizer@57e1b0c, org.springframework.boot.test.autoconfigure.properties.PropertyMappingContextCustomizer@0, org.springframework.boot.test.autoconfigure.web.servlet.WebDriverContextCustomizerFactory$Customizer@480bdb19], resourceBasePath = 'src/main/webapp', contextLoader = 'org.springframework.boot.test.context.SpringBootContextLoader', parent = [null]], attributes = map['org.springframework.test.context.web.ServletTestExecutionListener.activateListener' -> true]], class annotated with @DirtiesContext [false] with mode [null].
23:24:14.749 [main] DEBUG org.springframework.test.annotation.ProfileValueUtils - Retrieved @ProfileValueSourceConfiguration [null] for test class [com.github.jenkinsx.quickstarts.springboot.rest.prometheus.RestPrometheusApplicationTests]
23:24:14.756 [main] DEBUG org.springframework.test.annotation.ProfileValueUtils - Retrieved ProfileValueSource type [class org.springframework.test.annotation.SystemProfileValueSource] for class [com.github.jenkinsx.quickstarts.springboot.rest.prometheus.RestPrometheusApplicationTests]
23:24:14.836 [main] DEBUG org.springframework.test.context.support.TestPropertySourceUtils - Adding inlined properties to environment: {spring.jmx.enabled=false, org.springframework.boot.test.context.SpringBootTestContextBootstrapper=true, server.port=-1}

  .   ____          _            __ _ _
 /\\ / ___'_ __ _ _(_)_ __  __ _ \ \ \ \
( ( )\___ | '_ | '_| | '_ \/ _` | \ \ \ \
 \\/  ___)| |_)| | | | | || (_| |  ) ) ) )
  '  |____| .__|_| |_|_| |_\__, | / / / /
 =========|_|==============|___/=/_/_/_/
 :: Spring Boot ::        (v2.1.2.RELEASE)

2020-02-24 23:24:15.981  INFO 68 --- [           main] j.q.s.r.p.RestPrometheusApplicationTests : Starting RestPrometheusApplicationTests on cb-kubecd-bdd-sbrp-import-15825-6d2cb-1-from-build-pack-9lc54-p with PID 68 (started by root in /workspace/source)
2020-02-24 23:24:16.041  INFO 68 --- [           main] j.q.s.r.p.RestPrometheusApplicationTests : No active profile set, falling back to default profiles: default
2020-02-24 23:24:26.569  INFO 68 --- [           main] o.s.s.concurrent.ThreadPoolTaskExecutor  : Initializing ExecutorService 'applicationTaskExecutor'
2020-02-24 23:24:29.677  INFO 68 --- [           main] o.s.b.a.e.web.EndpointLinksResolver      : Exposing 2 endpoint(s) beneath base path '/actuator'
2020-02-24 23:24:29.972  INFO 68 --- [           main] j.q.s.r.p.RestPrometheusApplicationTests : Started RestPrometheusApplicationTests in 15.114 seconds (JVM running for 18.037)
[INFO] Tests run: 1, Failures: 0, Errors: 0, Skipped: 0, Time elapsed: 18.194 s - in com.github.jenkinsx.quickstarts.springboot.rest.prometheus.RestPrometheusApplicationTests
2020-02-24 23:24:31.086  INFO 68 --- [       Thread-4] o.s.s.concurrent.ThreadPoolTaskExecutor  : Shutting down ExecutorService 'applicationTaskExecutor'
[INFO] 
[INFO] Results:
[INFO] 
[INFO] Tests run: 1, Failures: 0, Errors: 0, Skipped: 0
[INFO] 
[INFO] 
[INFO] --- maven-jar-plugin:3.1.1:jar (default-jar) @ bdd-sbrp-import-1582586510 ---
[INFO] Building jar: /workspace/source/target/bdd-sbrp-import-1582586510-0.0.1.jar
[INFO] 
[INFO] --- spring-boot-maven-plugin:2.1.2.RELEASE:repackage (repackage) @ bdd-sbrp-import-1582586510 ---
[INFO] Replacing main artifact with repackaged archive
[INFO] 
[INFO] --- maven-install-plugin:2.5.2:install (default-install) @ bdd-sbrp-import-1582586510 ---
[INFO] Installing /workspace/source/target/bdd-sbrp-import-1582586510-0.0.1.jar to /home/jenkins/.mvnrepository/com/github/jenkinsx/quickstarts/bdd-sbrp-import-1582586510/0.0.1/bdd-sbrp-import-1582586510-0.0.1.jar
[INFO] Installing /workspace/source/pom.xml to /home/jenkins/.mvnrepository/com/github/jenkinsx/quickstarts/bdd-sbrp-import-1582586510/0.0.1/bdd-sbrp-import-1582586510-0.0.1.pom
[INFO] 
[INFO] --- maven-deploy-plugin:2.8.2:deploy (default-deploy) @ bdd-sbrp-import-1582586510 ---
[INFO] Using alternate deployment repository local-nexus::default::http://nexus/repository/maven-releases/
[INFO] ------------------------------------------------------------------------
[INFO] BUILD SUCCESS
[INFO] ------------------------------------------------------------------------
[INFO] Total time:  52.997 s
[INFO] Finished at: 2020-02-24T23:24:38Z
[INFO] ------------------------------------------------------------------------

Showing logs for build [32mcb-kubecd-bdd-sbrp-import-15825-6d2cb-1[0m stage [32mfrom-build-pack[0m and container [32mstep-build-skaffold-version[0m
v1.0.1

Showing logs for build [32mcb-kubecd-bdd-sbrp-import-15825-6d2cb-1[0m stage [32mfrom-build-pack[0m and container [32mstep-build-container-build[0m
[36mINFO[0m[0000] Downloading base image openjdk:8-jdk-slim    
ERROR: logging before flag.Parse: E0224 23:24:41.365599      10 metadata.go:142] while reading 'google-dockercfg' metadata: http status code: 404 while fetching url http://metadata.google.internal./computeMetadata/v1/instance/attributes/google-dockercfg
ERROR: logging before flag.Parse: E0224 23:24:41.369933      10 metadata.go:159] while reading 'google-dockercfg-url' metadata: http status code: 404 while fetching url http://metadata.google.internal./computeMetadata/v1/instance/attributes/google-dockercfg-url
2020/02/24 23:24:41 No matching credentials were found, falling back on anonymous
[36mINFO[0m[0001] Error while retrieving image from cache: getting file info: stat /workspace/sha256:f3866dd8be6d27d0e09ed483cf0ffb3b3c21e76ccd766b3a4b629a43cae9c94c: no such file or directory 
[36mINFO[0m[0001] Downloading base image openjdk:8-jdk-slim    
2020/02/24 23:24:42 No matching credentials were found, falling back on anonymous
[36mINFO[0m[0002] cmd: EXPOSE                                  
[36mINFO[0m[0002] Adding exposed port: 8080/tcp                
[36mINFO[0m[0002] Using files from context: [/workspace/source/pom.xml] 
[36mINFO[0m[0002] Using files from context: [/workspace/source/target/bdd-sbrp-import-1582586510-0.0.1.jar] 
[36mINFO[0m[0002] Skipping unpacking as no commands require it. 
[36mINFO[0m[0002] Taking snapshot of full filesystem...        
[36mINFO[0m[0002] ENV PORT 8080                                
[36mINFO[0m[0002] No files changed in this command, skipping snapshotting. 
[36mINFO[0m[0002] ENV CLASSPATH /opt/lib                       
[36mINFO[0m[0002] No files changed in this command, skipping snapshotting. 
[36mINFO[0m[0002] EXPOSE 8080                                  
[36mINFO[0m[0002] cmd: EXPOSE                                  
[36mINFO[0m[0002] Adding exposed port: 8080/tcp                
[36mINFO[0m[0002] No files changed in this command, skipping snapshotting. 
[36mINFO[0m[0002] Using files from context: [/workspace/source/pom.xml] 
[36mINFO[0m[0002] COPY pom.xml target/lib* /opt/lib/           
[36mINFO[0m[0002] Taking snapshot of files...                  
[36mINFO[0m[0002] Using files from context: [/workspace/source/target/bdd-sbrp-import-1582586510-0.0.1.jar] 
[36mINFO[0m[0002] COPY target/*.jar /opt/app.jar               
[36mINFO[0m[0002] Taking snapshot of files...                  
[36mINFO[0m[0003] WORKDIR /opt                                 
[36mINFO[0m[0003] cmd: workdir                                 
[36mINFO[0m[0003] Changed working directory to /opt            
[36mINFO[0m[0003] No files changed in this command, skipping snapshotting. 
[36mINFO[0m[0003] CMD ["java", "-XX:+UnlockExperimentalVMOptions", "-XX:+UseCGroupMemoryLimitForHeap", "-jar", "app.jar"] 
[36mINFO[0m[0003] No files changed in this command, skipping snapshotting. 
2020/02/24 23:24:44 existing blob: sha256:bc51dd8edc1b1132bb97827ed6bd16aac332b03fb03d4c02d2088067a5fbb499
2020/02/24 23:24:44 existing blob: sha256:4836bf357bc05fde276db1412eb17d9c5ae12fc0751947bd3cbef5879f5ee955
2020/02/24 23:24:44 existing blob: sha256:6dc6df7db36a5a1267aa98ac410ecdbf10e39333a934539ecbc78a1283016206
2020/02/24 23:24:44 existing blob: sha256:d1d06863bb82bdc3f4cd17d49c0dee8720f91c4d9e40cce1b4a691f9459266be
2020/02/24 23:24:47 pushed blob: sha256:31d0c9072f99b6ad9af512fdad3619035d5169f1e02d7d7ff44edf4b5e4b6532
2020/02/24 23:24:47 pushed blob: sha256:ae9c04c88f94a9be5c3d963c405ffd8c0fdfe25defebd64632588e4d3a64d52a
2020/02/24 23:24:49 pushed blob: sha256:ac6471de61a9f819f090bfa63885565a8403b1efba1b8031c1e08f7e8a5ff5ab
2020/02/24 23:24:50 gcr.io/jenkins-x-bdd3/bdd-sbrp-import-1582586510:0.0.1: digest: sha256:d122d9f55487c48020fdd9013830ffd31eba217f0f2679b971fdc770191b8b8b size: 1244

Showing logs for build [32mcb-kubecd-bdd-sbrp-import-15825-6d2cb-1[0m stage [32mfrom-build-pack[0m and container [32mstep-build-post-build[0m
no CVE provider running in the current ** namespace so skip adding image to be analysed

Showing logs for build [32mcb-kubecd-bdd-sbrp-import-15825-6d2cb-1[0m stage [32mfrom-build-pack[0m and container [32mstep-promote-changelog[0m
Converted /workspace/source/charts/bdd-sbrp-import-1582586510 to an unshallow repository
Generating change log from git ref 2f256feaf28990323e4bb88512b915130098ee4a => fad954366e7002a014dd1ba6f5a94e16b3c62ce5
Associating user x-0 in users.jenkins.io with email c**d-bot@cloudbees.com to git GitProvider user with login -0 as emails match
Adding label jenkins.io/git-github-userid=-0 to user x-0 in users.jenkins.io
WARNING: Failed to enrich commit f4314701177e837969e7b41d8b649f312050cf8d with issues: User.jenkins.io "x-0" is invalid: metadata.labels: Invalid value: "-0": a valid label must be an empty string or consist of alphanumeric characters, '-', '_' or '.', and must start and end with an alphanumeric character (e.g. 'MyValue',  or 'my_value',  or '12345', regex used for validation is '(([A-Za-z0-9][-A-Za-z0-9_.]*)?[A-Za-z0-9])?')
Associating user x-0 in users.jenkins.io with email c**d-bot@cloudbees.com to git GitProvider user with login -0 as emails match
Adding label jenkins.io/git-github-userid=-0 to user x-0 in users.jenkins.io
WARNING: Failed to enrich commit f4314701177e837969e7b41d8b649f312050cf8d with issues: User.jenkins.io "x-0" is invalid: metadata.labels: Invalid value: "-0": a valid label must be an empty string or consist of alphanumeric characters, '-', '_' or '.', and must start and end with an alphanumeric character (e.g. 'MyValue',  or 'my_value',  or '12345', regex used for validation is '(([A-Za-z0-9][-A-Za-z0-9_.]*)?[A-Za-z0-9])?')
Finding issues in commit messages using git format
Associating user x-0 in users.jenkins.io with email c**d-bot@cloudbees.com to git GitProvider user with login -0 as emails match
Adding label jenkins.io/git-github-userid=-0 to user x-0 in users.jenkins.io
WARNING: Failed to enrich commit 863654b3bc414e7ac8d687a71ff366a621f3978c with issues: User.jenkins.io "x-0" is invalid: metadata.labels: Invalid value: "-0": a valid label must be an empty string or consist of alphanumeric characters, '-', '_' or '.', and must start and end with an alphanumeric character (e.g. 'MyValue',  or 'my_value',  or '12345', regex used for validation is '(([A-Za-z0-9][-A-Za-z0-9_.]*)?[A-Za-z0-9])?')
Associating user x-0 in users.jenkins.io with email c**d-bot@cloudbees.com to git GitProvider user with login -0 as emails match
Adding label jenkins.io/git-github-userid=-0 to user x-0 in users.jenkins.io
WARNING: Failed to enrich commit 863654b3bc414e7ac8d687a71ff366a621f3978c with issues: User.jenkins.io "x-0" is invalid: metadata.labels: Invalid value: "-0": a valid label must be an empty string or consist of alphanumeric characters, '-', '_' or '.', and must start and end with an alphanumeric character (e.g. 'MyValue',  or 'my_value',  or '12345', regex used for validation is '(([A-Za-z0-9][-A-Za-z0-9_.]*)?[A-Za-z0-9])?')
WARNING: No release found for cb-kubecd/bdd-sbrp-import-1582586510 and tag v0.0.1 so creating a new release
Updated the release information at https://github.com/cb-kubecd/bdd-sbrp-import-1582586510/releases/tag/v0.0.1
generated: /workspace/source/charts/bdd-sbrp-import-1582586510/templates/release.yaml
Created Release bdd-sbrp-import-1582586510-0-0-1 resource in namespace **
Updating PipelineActivity cb-kubecd-bdd-sbrp-import-1582586510-master-1 with version 0.0.1
Updated PipelineActivities cb-kubecd-bdd-sbrp-import-1582586510-master-1 with release notes URL: https://github.com/cb-kubecd/bdd-sbrp-import-1582586510/releases/tag/v0.0.1

Showing logs for build [32mcb-kubecd-bdd-sbrp-import-15825-6d2cb-1[0m stage [32mfrom-build-pack[0m and container [32mstep-promote-helm-release[0m
WARNING: No $CHART_REPOSITORY defined so using the default value of: http://jenkins-x-chartmuseum:8080
Adding missing Helm repo: storage.googleapis.com https://storage.googleapis.com/chartmuseum.jenkins-x.io
WARNING: No secrets found on "helm/repos" due: reading the secret "helm/repos" from vault: no secret "helm/repos" not found in vault
Read credentials for https://storage.googleapis.com/chartmuseum.jenkins-x.io from vault helm/repos
Successfully added Helm repository storage.googleapis.com.
Adding missing Helm repo: jenkins-x-chartmuseum http://jenkins-x-chartmuseum:8080
WARNING: No secrets found on "helm/repos" due: reading the secret "helm/repos" from vault: no secret "helm/repos" not found in vault
Read credentials for http://jenkins-x-chartmuseum:8080 from vault helm/repos
Successfully added Helm repository jenkins-x-chartmuseum.
WARNING: No $CHART_REPOSITORY defined so using the default value of: http://jenkins-x-chartmuseum:8080
Uploading chart file bdd-sbrp-import-1582586510-0.0.1.tgz to http://jenkins-x-chartmuseum:8080/api/charts
Received 201 response: {"saved":true}

Showing logs for build [32mcb-kubecd-bdd-sbrp-import-15825-6d2cb-1[0m stage [32mfrom-build-pack[0m and container [32mstep-promote-jx-promote[0m
WARNING: prow based install so skip waiting for the merge of Pull Requests to go green as currently there is an issue with gettingstatuses from the PR, see https://github.com/jenkins-x/**/issues/2410
WARNING: No $CHART_REPOSITORY defined so using the default value of: http://jenkins-x-chartmuseum:8080
Promoting app bdd-sbrp-import-1582586510 version 0.0.1 to namespace **-staging
WARNING: 
Created Pull Request: https://github.com/cb-kubecd/environment-pr-165-138-boot-gke-staging/pull/5
Added label updatebot to Pull Request https://github.com/cb-kubecd/environment-pr-165-138-boot-gke-staging/pull/5
got git provider status pending from PR https://github.com/cb-kubecd/environment-pr-165-138-boot-gke-staging/pull/5
got git provider status pending from PR https://github.com/cb-kubecd/environment-pr-165-138-boot-gke-staging/pull/5
got git provider status pending from PR https://github.com/cb-kubecd/environment-pr-165-138-boot-gke-staging/pull/5
got git provider status pending from PR https://github.com/cb-kubecd/environment-pr-165-138-boot-gke-staging/pull/5
got git provider status pending from PR https://github.com/cb-kubecd/environment-pr-165-138-boot-gke-staging/pull/5
got git provider status pending from PR https://github.com/cb-kubecd/environment-pr-165-138-boot-gke-staging/pull/5
got git provider status pending from PR https://github.com/cb-kubecd/environment-pr-165-138-boot-gke-staging/pull/5
Pull Request https://github.com/cb-kubecd/environment-pr-165-138-boot-gke-staging/pull/5 is merged at sha 2e3a68b7f7a6b9d48c5f061b49bdff2250a51edf
Pull Request merged but we are not waiting for the update pipeline to complete!
WARNING: Could not find the service URL in namespace **-staging for names bdd-sbrp-import-1582586510, **-bdd-sbrp-import-1582586510, **-staging-bdd-sbrp-import-1582586510
